This file contains any messages produced by compilers while
running configure, to aid debugging if configure makes a mistake.

It was created by pinball configure 0.0.0, which was
generated by GNU Autoconf 2.68.  Invocation command line was

  $ ./configure --build=i486-linux-gnu --prefix=/usr --includedir=${prefix}/include --mandir=${prefix}/share/man --infodir=${prefix}/share/info --sysconfdir=/etc --localstatedir=/var --libexecdir=${prefix}/lib/pinball --disable-maintainer-mode --disable-dependency-tracking --bindir=/usr/games --datadir=/usr/share/games --with-cflags=-g -O2 --with-cxxflags=-g -O2

## --------- ##
## Platform. ##
## --------- ##

hostname = nrv
uname -m = i686
uname -r = 2.6.36-rc6-686
uname -s = Linux
uname -v = #1 SMP Mon Oct 4 10:25:13 UTC 2010

/usr/bin/uname -p = unknown
/bin/uname -X     = unknown

/bin/arch              = unknown
/usr/bin/arch -k       = unknown
/usr/convex/getsysinfo = unknown
/usr/bin/hostinfo      = unknown
/bin/machine           = unknown
/usr/bin/oslevel       = unknown
/bin/universe          = unknown

PATH: /usr/sbin
PATH: /usr/bin
PATH: /sbin
PATH: /bin
PATH: /usr/bin/X11


## ----------- ##
## Core tests. ##
## ----------- ##

configure:2554: checking build system type
configure:2568: result: i486-pc-linux-gnu
configure:2588: checking host system type
configure:2601: result: i486-pc-linux-gnu
configure:2621: checking target system type
configure:2634: result: i486-pc-linux-gnu
configure:2677: checking for a BSD-compatible install
configure:2745: result: /usr/bin/install -c
configure:2756: checking whether build environment is sane
configure:2806: result: yes
configure:2947: checking for a thread-safe mkdir -p
configure:2986: result: /bin/mkdir -p
configure:2999: checking for gawk
configure:3015: found /usr/bin/gawk
configure:3026: result: gawk
configure:3037: checking whether make sets $(MAKE)
configure:3059: result: yes
configure:3189: checking for g++
configure:3205: found /usr/bin/g++
configure:3216: result: g++
configure:3243: checking for C++ compiler version
configure:3252: g++ --version >&5
g++ (Debian 4.5.3-1) 4.5.3
Copyright (C) 2010 Free Software Foundation, Inc.
This is free software; see the source for copying conditions.  There is NO
warranty; not even for MERCHANTABILITY or FITNESS FOR A PARTICULAR PURPOSE.

configure:3263: $? = 0
configure:3252: g++ -v >&5
Using built-in specs.
COLLECT_GCC=g++
COLLECT_LTO_WRAPPER=/usr/lib/gcc/i486-linux-gnu/4.5.3/lto-wrapper
Target: i486-linux-gnu
Configured with: ../src/configure -v --with-pkgversion='Debian 4.5.3-1' --with-bugurl=file:///usr/share/doc/gcc-4.5/README.Bugs --enable-languages=c,c++,fortran,objc,obj-c++ --prefix=/usr --program-suffix=-4.5 --enable-shared --enable-multiarch --with-multiarch-defaults=i386-linux-gnu --enable-linker-build-id --with-system-zlib --libexecdir=/usr/lib --without-included-gettext --enable-threads=posix --with-gxx-include-dir=/usr/include/c++/4.5 --libdir=/usr/lib --enable-nls --enable-clocale=gnu --enable-libstdcxx-debug --enable-libstdcxx-time=yes --enable-plugin --enable-gold --enable-ld=default --with-plugin-ld=ld.gold --enable-objc-gc --enable-targets=all --with-arch-32=i586 --with-tune=generic --enable-checking=release --build=i486-linux-gnu --host=i486-linux-gnu --target=i486-linux-gnu
Thread model: posix
gcc version 4.5.3 (Debian 4.5.3-1) 
configure:3263: $? = 0
configure:3252: g++ -V >&5
g++: '-V' option must have argument
configure:3263: $? = 1
configure:3252: g++ -qversion >&5
g++: unrecognized option '-qversion'
g++: no input files
configure:3263: $? = 1
configure:3283: checking whether the C++ compiler works
configure:3305: g++ -g -O2   conftest.cpp  >&5
configure:3309: $? = 0
configure:3357: result: yes
configure:3360: checking for C++ compiler default output file name
configure:3362: result: a.out
configure:3368: checking for suffix of executables
configure:3375: g++ -o conftest -g -O2   conftest.cpp  >&5
configure:3379: $? = 0
configure:3401: result: 
configure:3423: checking whether we are cross compiling
configure:3431: g++ -o conftest -g -O2   conftest.cpp  >&5
configure:3435: $? = 0
configure:3442: ./conftest
configure:3446: $? = 0
configure:3461: result: no
configure:3466: checking for suffix of object files
configure:3488: g++ -c -g -O2  conftest.cpp >&5
configure:3492: $? = 0
configure:3513: result: o
configure:3517: checking whether we are using the GNU C++ compiler
configure:3536: g++ -c -g -O2  conftest.cpp >&5
configure:3536: $? = 0
configure:3545: result: yes
configure:3554: checking whether g++ accepts -g
configure:3574: g++ -c -g  conftest.cpp >&5
configure:3574: $? = 0
configure:3615: result: yes
configure:3649: checking for style of include used by make
configure:3677: result: GNU
configure:3702: checking dependency style of g++
configure:3812: result: none
configure:3875: checking for gcc
configure:3891: found /usr/bin/gcc
configure:3902: result: gcc
configure:4131: checking for C compiler version
configure:4140: gcc --version >&5
gcc (Debian 4.5.3-1) 4.5.3
Copyright (C) 2010 Free Software Foundation, Inc.
This is free software; see the source for copying conditions.  There is NO
warranty; not even for MERCHANTABILITY or FITNESS FOR A PARTICULAR PURPOSE.

configure:4151: $? = 0
configure:4140: gcc -v >&5
Using built-in specs.
COLLECT_GCC=gcc
COLLECT_LTO_WRAPPER=/usr/lib/gcc/i486-linux-gnu/4.5.3/lto-wrapper
Target: i486-linux-gnu
Configured with: ../src/configure -v --with-pkgversion='Debian 4.5.3-1' --with-bugurl=file:///usr/share/doc/gcc-4.5/README.Bugs --enable-languages=c,c++,fortran,objc,obj-c++ --prefix=/usr --program-suffix=-4.5 --enable-shared --enable-multiarch --with-multiarch-defaults=i386-linux-gnu --enable-linker-build-id --with-system-zlib --libexecdir=/usr/lib --without-included-gettext --enable-threads=posix --with-gxx-include-dir=/usr/include/c++/4.5 --libdir=/usr/lib --enable-nls --enable-clocale=gnu --enable-libstdcxx-debug --enable-libstdcxx-time=yes --enable-plugin --enable-gold --enable-ld=default --with-plugin-ld=ld.gold --enable-objc-gc --enable-targets=all --with-arch-32=i586 --with-tune=generic --enable-checking=release --build=i486-linux-gnu --host=i486-linux-gnu --target=i486-linux-gnu
Thread model: posix
gcc version 4.5.3 (Debian 4.5.3-1) 
configure:4151: $? = 0
configure:4140: gcc -V >&5
gcc: '-V' option must have argument
configure:4151: $? = 1
configure:4140: gcc -qversion >&5
gcc: unrecognized option '-qversion'
gcc: no input files
configure:4151: $? = 1
configure:4155: checking whether we are using the GNU C compiler
configure:4174: gcc -c -g -O2  conftest.c >&5
configure:4174: $? = 0
configure:4183: result: yes
configure:4192: checking whether gcc accepts -g
configure:4212: gcc -c -g  conftest.c >&5
configure:4212: $? = 0
configure:4253: result: yes
configure:4270: checking for gcc option to accept ISO C89
configure:4334: gcc  -c -g -O2  conftest.c >&5
configure:4334: $? = 0
configure:4347: result: none needed
configure:4369: checking dependency style of gcc
configure:4479: result: none
configure:4541: checking how to print strings
configure:4568: result: printf
configure:4589: checking for a sed that does not truncate output
configure:4653: result: /bin/sed
configure:4671: checking for grep that handles long lines and -e
configure:4729: result: /bin/grep
configure:4734: checking for egrep
configure:4796: result: /bin/grep -E
configure:4801: checking for fgrep
configure:4863: result: /bin/grep -F
configure:4898: checking for ld used by gcc
configure:4965: result: /usr/bin/ld
configure:4972: checking if the linker (/usr/bin/ld) is GNU ld
configure:4987: result: yes
configure:4999: checking for BSD- or MS-compatible name lister (nm)
configure:5048: result: /usr/bin/nm -B
configure:5178: checking the name lister (/usr/bin/nm -B) interface
configure:5185: gcc -c -g -O2  conftest.c >&5
configure:5188: /usr/bin/nm -B "conftest.o"
configure:5191: output
00000000 B some_variable
configure:5198: result: BSD nm
configure:5201: checking whether ln -s works
configure:5205: result: yes
configure:5213: checking the maximum length of command line arguments
configure:5338: result: 805306365
configure:5355: checking whether the shell understands some XSI constructs
configure:5365: result: yes
configure:5369: checking whether the shell understands "+="
configure:5375: result: yes
configure:5410: checking how to convert i486-pc-linux-gnu file names to i486-pc-linux-gnu format
configure:5450: result: func_convert_file_noop
configure:5457: checking how to convert i486-pc-linux-gnu file names to toolchain format
configure:5477: result: func_convert_file_noop
configure:5484: checking for /usr/bin/ld option to reload object files
configure:5491: result: -r
configure:5565: checking for objdump
configure:5581: found /usr/bin/objdump
configure:5592: result: objdump
configure:5624: checking how to recognize dependent libraries
configure:5826: result: pass_all
configure:5911: checking for dlltool
configure:5941: result: no
configure:5971: checking how to associate runtime and link libraries
configure:5998: result: printf %s\n
configure:6059: checking for ar
configure:6075: found /usr/bin/ar
configure:6086: result: ar
configure:6123: checking for archiver @FILE support
configure:6140: gcc -c -g -O2  conftest.c >&5
configure:6140: $? = 0
configure:6143: ar cru libconftest.a @conftest.lst >&5
configure:6146: $? = 0
configure:6151: ar cru libconftest.a @conftest.lst >&5
ar: conftest.o: No such file or directory
configure:6154: $? = 1
configure:6166: result: @
configure:6224: checking for strip
configure:6240: found /usr/bin/strip
configure:6251: result: strip
configure:6323: checking for ranlib
configure:6339: found /usr/bin/ranlib
configure:6350: result: ranlib
configure:6452: checking command to parse /usr/bin/nm -B output from gcc object
configure:6571: gcc -c -g -O2  conftest.c >&5
configure:6574: $? = 0
configure:6578: /usr/bin/nm -B conftest.o \| sed -n -e 's/^.*[ ]\([ABCDGIRSTW][ABCDGIRSTW]*\)[ ][ ]*\([_A-Za-z][_A-Za-z0-9]*\)$/\1 \2 \2/p' | sed '/ __gnu_lto/d' \> conftest.nm
configure:6581: $? = 0
configure:6647: gcc -o conftest -g -O2   conftest.c conftstm.o >&5
configure:6650: $? = 0
configure:6688: result: ok
configure:6725: checking for sysroot
configure:6755: result: no
configure:6998: checking for mt
configure:7014: found /bin/mt
configure:7025: result: mt
configure:7048: checking if mt is a manifest tool
configure:7054: mt '-?'
configure:7062: result: no
configure:7694: checking how to run the C preprocessor
configure:7725: gcc -E  conftest.c
configure:7725: $? = 0
configure:7739: gcc -E  conftest.c
conftest.c:9:28: fatal error: ac_nonexistent.h: No such file or directory
compilation terminated.
configure:7739: $? = 1
configure: failed program was:
| /* confdefs.h */
| #define PACKAGE_NAME "pinball"
| #define PACKAGE_TARNAME "pinball"
| #define PACKAGE_VERSION "0.0.0"
| #define PACKAGE_STRING "pinball 0.0.0"
| #define PACKAGE_BUGREPORT "pinball.sf.net"
| #define PACKAGE_URL ""
| /* end confdefs.h.  */
| #include <ac_nonexistent.h>
configure:7764: result: gcc -E
configure:7784: gcc -E  conftest.c
configure:7784: $? = 0
configure:7798: gcc -E  conftest.c
conftest.c:9:28: fatal error: ac_nonexistent.h: No such file or directory
compilation terminated.
configure:7798: $? = 1
configure: failed program was:
| /* confdefs.h */
| #define PACKAGE_NAME "pinball"
| #define PACKAGE_TARNAME "pinball"
| #define PACKAGE_VERSION "0.0.0"
| #define PACKAGE_STRING "pinball 0.0.0"
| #define PACKAGE_BUGREPORT "pinball.sf.net"
| #define PACKAGE_URL ""
| /* end confdefs.h.  */
| #include <ac_nonexistent.h>
configure:7827: checking for ANSI C header files
configure:7847: gcc -c -g -O2  conftest.c >&5
configure:7847: $? = 0
configure:7920: gcc -o conftest -g -O2   conftest.c  >&5
configure:7920: $? = 0
configure:7920: ./conftest
configure:7920: $? = 0
configure:7931: result: yes
configure:7944: checking for sys/types.h
configure:7944: gcc -c -g -O2  conftest.c >&5
configure:7944: $? = 0
configure:7944: result: yes
configure:7944: checking for sys/stat.h
configure:7944: gcc -c -g -O2  conftest.c >&5
configure:7944: $? = 0
configure:7944: result: yes
configure:7944: checking for stdlib.h
configure:7944: gcc -c -g -O2  conftest.c >&5
configure:7944: $? = 0
configure:7944: result: yes
configure:7944: checking for string.h
configure:7944: gcc -c -g -O2  conftest.c >&5
configure:7944: $? = 0
configure:7944: result: yes
configure:7944: checking for memory.h
configure:7944: gcc -c -g -O2  conftest.c >&5
configure:7944: $? = 0
configure:7944: result: yes
configure:7944: checking for strings.h
configure:7944: gcc -c -g -O2  conftest.c >&5
configure:7944: $? = 0
configure:7944: result: yes
configure:7944: checking for inttypes.h
configure:7944: gcc -c -g -O2  conftest.c >&5
configure:7944: $? = 0
configure:7944: result: yes
configure:7944: checking for stdint.h
configure:7944: gcc -c -g -O2  conftest.c >&5
configure:7944: $? = 0
configure:7944: result: yes
configure:7944: checking for unistd.h
configure:7944: gcc -c -g -O2  conftest.c >&5
configure:7944: $? = 0
configure:7944: result: yes
configure:7958: checking for dlfcn.h
configure:7958: gcc -c -g -O2  conftest.c >&5
configure:7958: $? = 0
configure:7958: result: yes
configure:8156: checking for objdir
configure:8171: result: .libs
configure:8438: checking if gcc supports -fno-rtti -fno-exceptions
configure:8456: gcc -c -g -O2  -fno-rtti -fno-exceptions conftest.c >&5
cc1: warning: command line option "-fno-rtti" is valid for C++/ObjC++ but not for C
configure:8460: $? = 0
configure:8473: result: no
configure:8783: checking for gcc option to produce PIC
configure:8790: result: -fPIC -DPIC
configure:8798: checking if gcc PIC flag -fPIC -DPIC works
configure:8816: gcc -c -g -O2  -fPIC -DPIC -DPIC conftest.c >&5
configure:8820: $? = 0
configure:8833: result: yes
configure:8862: checking if gcc static flag -static works
configure:8890: result: yes
configure:8905: checking if gcc supports -c -o file.o
configure:8926: gcc -c -g -O2  -o out/conftest2.o conftest.c >&5
configure:8930: $? = 0
configure:8952: result: yes
configure:8960: checking if gcc supports -c -o file.o
configure:9007: result: yes
configure:9040: checking whether the gcc linker (/usr/bin/ld) supports shared libraries
configure:10202: result: yes
configure:10239: checking whether -lc should be explicitly linked in
configure:10247: gcc -c -g -O2  conftest.c >&5
configure:10250: $? = 0
configure:10265: gcc -shared  -fPIC -DPIC conftest.o  -v -Wl,-soname -Wl,conftest -o conftest 2\>\&1 \| /bin/grep  -lc  \>/dev/null 2\>\&1
configure:10268: $? = 0
configure:10282: result: no
configure:10447: checking dynamic linker characteristics
configure:10962: gcc -o conftest -g -O2   -Wl,-rpath -Wl,/foo conftest.c  >&5
configure:10962: $? = 0
configure:11196: result: GNU/Linux ld.so
configure:11303: checking how to hardcode library paths into programs
configure:11328: result: immediate
configure:11868: checking whether stripping libraries is possible
configure:11873: result: yes
configure:11908: checking if libtool supports shared libraries
configure:11910: result: yes
configure:11913: checking whether to build shared libraries
configure:11934: result: yes
configure:11937: checking whether to build static libraries
configure:11941: result: yes
configure:11964: checking how to run the C++ preprocessor
configure:11991: g++ -E  conftest.cpp
configure:11991: $? = 0
configure:12005: g++ -E  conftest.cpp
conftest.cpp:21:28: fatal error: ac_nonexistent.h: No such file or directory
compilation terminated.
configure:12005: $? = 1
configure: failed program was:
| /* confdefs.h */
| #define PACKAGE_NAME "pinball"
| #define PACKAGE_TARNAME "pinball"
| #define PACKAGE_VERSION "0.0.0"
| #define PACKAGE_STRING "pinball 0.0.0"
| #define PACKAGE_BUGREPORT "pinball.sf.net"
| #define PACKAGE_URL ""
| #define STDC_HEADERS 1
| #define HAVE_SYS_TYPES_H 1
| #define HAVE_SYS_STAT_H 1
| #define HAVE_STDLIB_H 1
| #define HAVE_STRING_H 1
| #define HAVE_MEMORY_H 1
| #define HAVE_STRINGS_H 1
| #define HAVE_INTTYPES_H 1
| #define HAVE_STDINT_H 1
| #define HAVE_UNISTD_H 1
| #define HAVE_DLFCN_H 1
| #define LT_OBJDIR ".libs/"
| /* end confdefs.h.  */
| #include <ac_nonexistent.h>
configure:12030: result: g++ -E
configure:12050: g++ -E  conftest.cpp
configure:12050: $? = 0
configure:12064: g++ -E  conftest.cpp
conftest.cpp:21:28: fatal error: ac_nonexistent.h: No such file or directory
compilation terminated.
configure:12064: $? = 1
configure: failed program was:
| /* confdefs.h */
| #define PACKAGE_NAME "pinball"
| #define PACKAGE_TARNAME "pinball"
| #define PACKAGE_VERSION "0.0.0"
| #define PACKAGE_STRING "pinball 0.0.0"
| #define PACKAGE_BUGREPORT "pinball.sf.net"
| #define PACKAGE_URL ""
| #define STDC_HEADERS 1
| #define HAVE_SYS_TYPES_H 1
| #define HAVE_SYS_STAT_H 1
| #define HAVE_STDLIB_H 1
| #define HAVE_STRING_H 1
| #define HAVE_MEMORY_H 1
| #define HAVE_STRINGS_H 1
| #define HAVE_INTTYPES_H 1
| #define HAVE_STDINT_H 1
| #define HAVE_UNISTD_H 1
| #define HAVE_DLFCN_H 1
| #define LT_OBJDIR ".libs/"
| /* end confdefs.h.  */
| #include <ac_nonexistent.h>
configure:12234: checking for ld used by g++
configure:12301: result: /usr/bin/ld
configure:12308: checking if the linker (/usr/bin/ld) is GNU ld
configure:12323: result: yes
configure:12378: checking whether the g++ linker (/usr/bin/ld) supports shared libraries
configure:13382: result: yes
configure:13417: g++ -c -g -O2  conftest.cpp >&5
configure:13420: $? = 0
configure:13940: checking for g++ option to produce PIC
configure:13947: result: -fPIC -DPIC
configure:13955: checking if g++ PIC flag -fPIC -DPIC works
configure:13973: g++ -c -g -O2  -fPIC -DPIC -DPIC conftest.cpp >&5
configure:13977: $? = 0
configure:13990: result: yes
configure:14013: checking if g++ static flag -static works
configure:14041: result: yes
configure:14053: checking if g++ supports -c -o file.o
configure:14074: g++ -c -g -O2  -o out/conftest2.o conftest.cpp >&5
configure:14078: $? = 0
configure:14100: result: yes
configure:14105: checking if g++ supports -c -o file.o
configure:14152: result: yes
configure:14182: checking whether the g++ linker (/usr/bin/ld) supports shared libraries
configure:14219: result: yes
configure:14362: checking dynamic linker characteristics
configure:15045: result: GNU/Linux ld.so
configure:15098: checking how to hardcode library paths into programs
configure:15123: result: immediate
configure:15211: checking which extension is used for runtime loadable modules
configure:15221: result: .so
configure:15231: checking which variable specifies run-time module search path
configure:15238: result: LD_LIBRARY_PATH
configure:15248: checking for the default library search path
configure:15255: result: /lib /usr/lib /usr/lib/sse/atlas /lib/i486-linux-gnu /usr/lib/i486-linux-gnu /usr/local/lib 
configure:15285: checking for library containing dlopen
configure:15316: gcc -o conftest -g -O2   conftest.c  >&5
/tmp/ccC6OPuq.o: In function `main':
/tmp/tmp-rzr.tmp/var/lib/contrib.sh.dir/pinball/pinball/conftest.c:35: undefined reference to `dlopen'
collect2: ld returned 1 exit status
configure:15316: $? = 1
configure: failed program was:
| /* confdefs.h */
| #define PACKAGE_NAME "pinball"
| #define PACKAGE_TARNAME "pinball"
| #define PACKAGE_VERSION "0.0.0"
| #define PACKAGE_STRING "pinball 0.0.0"
| #define PACKAGE_BUGREPORT "pinball.sf.net"
| #define PACKAGE_URL ""
| #define STDC_HEADERS 1
| #define HAVE_SYS_TYPES_H 1
| #define HAVE_SYS_STAT_H 1
| #define HAVE_STDLIB_H 1
| #define HAVE_STRING_H 1
| #define HAVE_MEMORY_H 1
| #define HAVE_STRINGS_H 1
| #define HAVE_INTTYPES_H 1
| #define HAVE_STDINT_H 1
| #define HAVE_UNISTD_H 1
| #define HAVE_DLFCN_H 1
| #define LT_OBJDIR ".libs/"
| #define LT_MODULE_EXT ".so"
| #define LT_MODULE_PATH_VAR "LD_LIBRARY_PATH"
| #define LT_DLSEARCH_PATH "/lib:/usr/lib:/usr/lib/sse/atlas:/lib/i486-linux-gnu:/usr/lib/i486-linux-gnu:/usr/local/lib"
| /* end confdefs.h.  */
| 
| /* Override any GCC internal prototype to avoid an error.
|    Use char because int might match the return type of a GCC
|    builtin and then its argument prototype would still apply.  */
| #ifdef __cplusplus
| extern "C"
| #endif
| char dlopen ();
| int
| main ()
| {
| return dlopen ();
|   ;
|   return 0;
| }
configure:15316: gcc -o conftest -g -O2   conftest.c -ldl   >&5
configure:15316: $? = 0
configure:15333: result: -ldl
configure:15423: checking for dlerror
configure:15423: gcc -o conftest -g -O2   conftest.c -ldl  -ldl >&5
configure:15423: $? = 0
configure:15423: result: yes
configure:15437: checking for shl_load
configure:15437: gcc -o conftest -g -O2   conftest.c -ldl  >&5
/tmp/ccPcH3Qh.o: In function `main':
/tmp/tmp-rzr.tmp/var/lib/contrib.sh.dir/pinball/pinball/conftest.c:60: undefined reference to `shl_load'
collect2: ld returned 1 exit status
configure:15437: $? = 1
configure: failed program was:
| /* confdefs.h */
| #define PACKAGE_NAME "pinball"
| #define PACKAGE_TARNAME "pinball"
| #define PACKAGE_VERSION "0.0.0"
| #define PACKAGE_STRING "pinball 0.0.0"
| #define PACKAGE_BUGREPORT "pinball.sf.net"
| #define PACKAGE_URL ""
| #define STDC_HEADERS 1
| #define HAVE_SYS_TYPES_H 1
| #define HAVE_SYS_STAT_H 1
| #define HAVE_STDLIB_H 1
| #define HAVE_STRING_H 1
| #define HAVE_MEMORY_H 1
| #define HAVE_STRINGS_H 1
| #define HAVE_INTTYPES_H 1
| #define HAVE_STDINT_H 1
| #define HAVE_UNISTD_H 1
| #define HAVE_DLFCN_H 1
| #define LT_OBJDIR ".libs/"
| #define LT_MODULE_EXT ".so"
| #define LT_MODULE_PATH_VAR "LD_LIBRARY_PATH"
| #define LT_DLSEARCH_PATH "/lib:/usr/lib:/usr/lib/sse/atlas:/lib/i486-linux-gnu:/usr/lib/i486-linux-gnu:/usr/local/lib"
| #define HAVE_LIBDL 1
| #define HAVE_DLERROR 1
| /* end confdefs.h.  */
| /* Define shl_load to an innocuous variant, in case <limits.h> declares shl_load.
|    For example, HP-UX 11i <limits.h> declares gettimeofday.  */
| #define shl_load innocuous_shl_load
| 
| /* System header to define __stub macros and hopefully few prototypes,
|     which can conflict with char shl_load (); below.
|     Prefer <limits.h> to <assert.h> if __STDC__ is defined, since
|     <limits.h> exists even on freestanding compilers.  */
| 
| #ifdef __STDC__
| # include <limits.h>
| #else
| # include <assert.h>
| #endif
| 
| #undef shl_load
| 
| /* Override any GCC internal prototype to avoid an error.
|    Use char because int might match the return type of a GCC
|    builtin and then its argument prototype would still apply.  */
| #ifdef __cplusplus
| extern "C"
| #endif
| char shl_load ();
| /* The GNU C library defines this for functions which it implements
|     to always fail with ENOSYS.  Some functions are actually named
|     something starting with __ and the normal name is an alias.  */
| #if defined __stub_shl_load || defined __stub___shl_load
| choke me
| #endif
| 
| int
| main ()
| {
| return shl_load ();
|   ;
|   return 0;
| }
configure:15437: result: no
configure:15444: checking for shl_load in -ldld
configure:15469: gcc -o conftest -g -O2   conftest.c -ldld  -ldl  >&5
/usr/bin/ld: cannot find -ldld
collect2: ld returned 1 exit status
configure:15469: $? = 1
configure: failed program was:
| /* confdefs.h */
| #define PACKAGE_NAME "pinball"
| #define PACKAGE_TARNAME "pinball"
| #define PACKAGE_VERSION "0.0.0"
| #define PACKAGE_STRING "pinball 0.0.0"
| #define PACKAGE_BUGREPORT "pinball.sf.net"
| #define PACKAGE_URL ""
| #define STDC_HEADERS 1
| #define HAVE_SYS_TYPES_H 1
| #define HAVE_SYS_STAT_H 1
| #define HAVE_STDLIB_H 1
| #define HAVE_STRING_H 1
| #define HAVE_MEMORY_H 1
| #define HAVE_STRINGS_H 1
| #define HAVE_INTTYPES_H 1
| #define HAVE_STDINT_H 1
| #define HAVE_UNISTD_H 1
| #define HAVE_DLFCN_H 1
| #define LT_OBJDIR ".libs/"
| #define LT_MODULE_EXT ".so"
| #define LT_MODULE_PATH_VAR "LD_LIBRARY_PATH"
| #define LT_DLSEARCH_PATH "/lib:/usr/lib:/usr/lib/sse/atlas:/lib/i486-linux-gnu:/usr/lib/i486-linux-gnu:/usr/local/lib"
| #define HAVE_LIBDL 1
| #define HAVE_DLERROR 1
| /* end confdefs.h.  */
| 
| /* Override any GCC internal prototype to avoid an error.
|    Use char because int might match the return type of a GCC
|    builtin and then its argument prototype would still apply.  */
| #ifdef __cplusplus
| extern "C"
| #endif
| char shl_load ();
| int
| main ()
| {
| return shl_load ();
|   ;
|   return 0;
| }
configure:15478: result: no
configure:15524: checking for dld_link in -ldld
configure:15549: gcc -o conftest -g -O2   conftest.c -ldld  -ldl  >&5
/usr/bin/ld: cannot find -ldld
collect2: ld returned 1 exit status
configure:15549: $? = 1
configure: failed program was:
| /* confdefs.h */
| #define PACKAGE_NAME "pinball"
| #define PACKAGE_TARNAME "pinball"
| #define PACKAGE_VERSION "0.0.0"
| #define PACKAGE_STRING "pinball 0.0.0"
| #define PACKAGE_BUGREPORT "pinball.sf.net"
| #define PACKAGE_URL ""
| #define STDC_HEADERS 1
| #define HAVE_SYS_TYPES_H 1
| #define HAVE_SYS_STAT_H 1
| #define HAVE_STDLIB_H 1
| #define HAVE_STRING_H 1
| #define HAVE_MEMORY_H 1
| #define HAVE_STRINGS_H 1
| #define HAVE_INTTYPES_H 1
| #define HAVE_STDINT_H 1
| #define HAVE_UNISTD_H 1
| #define HAVE_DLFCN_H 1
| #define LT_OBJDIR ".libs/"
| #define LT_MODULE_EXT ".so"
| #define LT_MODULE_PATH_VAR "LD_LIBRARY_PATH"
| #define LT_DLSEARCH_PATH "/lib:/usr/lib:/usr/lib/sse/atlas:/lib/i486-linux-gnu:/usr/lib/i486-linux-gnu:/usr/local/lib"
| #define HAVE_LIBDL 1
| #define HAVE_DLERROR 1
| /* end confdefs.h.  */
| 
| /* Override any GCC internal prototype to avoid an error.
|    Use char because int might match the return type of a GCC
|    builtin and then its argument prototype would still apply.  */
| #ifdef __cplusplus
| extern "C"
| #endif
| char dld_link ();
| int
| main ()
| {
| return dld_link ();
|   ;
|   return 0;
| }
configure:15558: result: no
configure:15592: checking for _ prefix in compiled symbols
configure:15602: gcc -c -g -O2  conftest.c >&5
configure:15605: $? = 0
configure:15609: /usr/bin/nm -B conftest.o \| sed -n -e 's/^.*[	 ]\([ABCDGIRSTW][ABCDGIRSTW]*\)[	 ][	 ]*\([_A-Za-z][_A-Za-z0-9]*\)$/\1 \2 \2/p' | sed '/ __gnu_lto/d' \> conftest.nm
configure:15612: $? = 0
configure:15634: result: no
configure:15758: checking whether deplibs are loaded by dlopen
configure:15852: result: yes
configure:15864: checking for argz.h
configure:15864: gcc -c -g -O2  conftest.c >&5
configure:15864: $? = 0
configure:15864: result: yes
configure:15876: checking for error_t
configure:15876: gcc -c -g -O2  conftest.c >&5
configure:15876: $? = 0
configure:15876: gcc -c -g -O2  conftest.c >&5
conftest.c: In function 'main':
conftest.c:35:22: error: expected expression before ')' token
configure:15876: $? = 1
configure: failed program was:
| /* confdefs.h */
| #define PACKAGE_NAME "pinball"
| #define PACKAGE_TARNAME "pinball"
| #define PACKAGE_VERSION "0.0.0"
| #define PACKAGE_STRING "pinball 0.0.0"
| #define PACKAGE_BUGREPORT "pinball.sf.net"
| #define PACKAGE_URL ""
| #define STDC_HEADERS 1
| #define HAVE_SYS_TYPES_H 1
| #define HAVE_SYS_STAT_H 1
| #define HAVE_STDLIB_H 1
| #define HAVE_STRING_H 1
| #define HAVE_MEMORY_H 1
| #define HAVE_STRINGS_H 1
| #define HAVE_INTTYPES_H 1
| #define HAVE_STDINT_H 1
| #define HAVE_UNISTD_H 1
| #define HAVE_DLFCN_H 1
| #define LT_OBJDIR ".libs/"
| #define LT_MODULE_EXT ".so"
| #define LT_MODULE_PATH_VAR "LD_LIBRARY_PATH"
| #define LT_DLSEARCH_PATH "/lib:/usr/lib:/usr/lib/sse/atlas:/lib/i486-linux-gnu:/usr/lib/i486-linux-gnu:/usr/local/lib"
| #define HAVE_LIBDL 1
| #define HAVE_DLERROR 1
| #define HAVE_LIBDLLOADER 1
| #define HAVE_ARGZ_H 1
| /* end confdefs.h.  */
| #if defined(HAVE_ARGZ_H)
| #  include <argz.h>
| #endif
| 
| int
| main ()
| {
| if (sizeof ((error_t)))
| 	    return 0;
|   ;
|   return 0;
| }
configure:15876: result: yes
configure:15902: checking for argz_add
configure:15902: gcc -o conftest -g -O2   conftest.c -ldl  >&5
configure:15902: $? = 0
configure:15902: result: yes
configure:15902: checking for argz_append
configure:15902: gcc -o conftest -g -O2   conftest.c -ldl  >&5
configure:15902: $? = 0
configure:15902: result: yes
configure:15902: checking for argz_count
configure:15902: gcc -o conftest -g -O2   conftest.c -ldl  >&5
configure:15902: $? = 0
configure:15902: result: yes
configure:15902: checking for argz_create_sep
configure:15902: gcc -o conftest -g -O2   conftest.c -ldl  >&5
configure:15902: $? = 0
configure:15902: result: yes
configure:15902: checking for argz_insert
configure:15902: gcc -o conftest -g -O2   conftest.c -ldl  >&5
configure:15902: $? = 0
configure:15902: result: yes
configure:15902: checking for argz_next
configure:15902: gcc -o conftest -g -O2   conftest.c -ldl  >&5
configure:15902: $? = 0
configure:15902: result: yes
configure:15902: checking for argz_stringify
configure:15902: gcc -o conftest -g -O2   conftest.c -ldl  >&5
configure:15902: $? = 0
configure:15902: result: yes
configure:15918: checking if argz actually works
configure:15949: result: yes
configure:15966: checking whether libtool supports -dlopen/-dlpreopen
configure:15978: result: yes
configure:16010: checking for ltdl.h
configure:16010: gcc -c -g -O2  conftest.c >&5
configure:16010: $? = 0
configure:16010: result: yes
configure:16014: checking whether lt_dlinterface_register is declared
configure:16014: gcc -c -g -O2  conftest.c >&5
configure:16014: $? = 0
configure:16014: result: yes
configure:16018: checking for lt_dladvise_preload in -lltdl
configure:16043: gcc -o conftest -g -O2   conftest.c -lltdl  -ldl  >&5
configure:16043: $? = 0
configure:16052: result: yes
configure:16147: checking where to find libltdl headers
configure:16149: result: 
configure:16151: checking where to find libltdl library
configure:16153: result: -lltdl
configure:16203: checking for unistd.h
configure:16203: result: yes
configure:16203: checking for dl.h
configure:16203: gcc -c -g -O2  conftest.c >&5
conftest.c:74:16: fatal error: dl.h: No such file or directory
compilation terminated.
configure:16203: $? = 1
configure: failed program was:
| /* confdefs.h */
| #define PACKAGE_NAME "pinball"
| #define PACKAGE_TARNAME "pinball"
| #define PACKAGE_VERSION "0.0.0"
| #define PACKAGE_STRING "pinball 0.0.0"
| #define PACKAGE_BUGREPORT "pinball.sf.net"
| #define PACKAGE_URL ""
| #define STDC_HEADERS 1
| #define HAVE_SYS_TYPES_H 1
| #define HAVE_SYS_STAT_H 1
| #define HAVE_STDLIB_H 1
| #define HAVE_STRING_H 1
| #define HAVE_MEMORY_H 1
| #define HAVE_STRINGS_H 1
| #define HAVE_INTTYPES_H 1
| #define HAVE_STDINT_H 1
| #define HAVE_UNISTD_H 1
| #define HAVE_DLFCN_H 1
| #define LT_OBJDIR ".libs/"
| #define LT_MODULE_EXT ".so"
| #define LT_MODULE_PATH_VAR "LD_LIBRARY_PATH"
| #define LT_DLSEARCH_PATH "/lib:/usr/lib:/usr/lib/sse/atlas:/lib/i486-linux-gnu:/usr/lib/i486-linux-gnu:/usr/local/lib"
| #define HAVE_LIBDL 1
| #define HAVE_DLERROR 1
| #define HAVE_LIBDLLOADER 1
| #define HAVE_ARGZ_H 1
| #define HAVE_ERROR_T 1
| #define HAVE_ARGZ_ADD 1
| #define HAVE_ARGZ_APPEND 1
| #define HAVE_ARGZ_COUNT 1
| #define HAVE_ARGZ_CREATE_SEP 1
| #define HAVE_ARGZ_INSERT 1
| #define HAVE_ARGZ_NEXT 1
| #define HAVE_ARGZ_STRINGIFY 1
| #define HAVE_WORKING_ARGZ 1
| #define HAVE_PRELOADED_SYMBOLS 1
| #define HAVE_LTDL 1
| #define HAVE_UNISTD_H 1
| /* end confdefs.h.  */
| #include <stdio.h>
| #ifdef HAVE_SYS_TYPES_H
| # include <sys/types.h>
| #endif
| #ifdef HAVE_SYS_STAT_H
| # include <sys/stat.h>
| #endif
| #ifdef STDC_HEADERS
| # include <stdlib.h>
| # include <stddef.h>
| #else
| # ifdef HAVE_STDLIB_H
| #  include <stdlib.h>
| # endif
| #endif
| #ifdef HAVE_STRING_H
| # if !defined STDC_HEADERS && defined HAVE_MEMORY_H
| #  include <memory.h>
| # endif
| # include <string.h>
| #endif
| #ifdef HAVE_STRINGS_H
| # include <strings.h>
| #endif
| #ifdef HAVE_INTTYPES_H
| # include <inttypes.h>
| #endif
| #ifdef HAVE_STDINT_H
| # include <stdint.h>
| #endif
| #ifdef HAVE_UNISTD_H
| # include <unistd.h>
| #endif
| 
| #include <dl.h>
configure:16203: result: no
configure:16203: checking for sys/dl.h
configure:16203: gcc -c -g -O2  conftest.c >&5
conftest.c:74:20: fatal error: sys/dl.h: No such file or directory
compilation terminated.
configure:16203: $? = 1
configure: failed program was:
| /* confdefs.h */
| #define PACKAGE_NAME "pinball"
| #define PACKAGE_TARNAME "pinball"
| #define PACKAGE_VERSION "0.0.0"
| #define PACKAGE_STRING "pinball 0.0.0"
| #define PACKAGE_BUGREPORT "pinball.sf.net"
| #define PACKAGE_URL ""
| #define STDC_HEADERS 1
| #define HAVE_SYS_TYPES_H 1
| #define HAVE_SYS_STAT_H 1
| #define HAVE_STDLIB_H 1
| #define HAVE_STRING_H 1
| #define HAVE_MEMORY_H 1
| #define HAVE_STRINGS_H 1
| #define HAVE_INTTYPES_H 1
| #define HAVE_STDINT_H 1
| #define HAVE_UNISTD_H 1
| #define HAVE_DLFCN_H 1
| #define LT_OBJDIR ".libs/"
| #define LT_MODULE_EXT ".so"
| #define LT_MODULE_PATH_VAR "LD_LIBRARY_PATH"
| #define LT_DLSEARCH_PATH "/lib:/usr/lib:/usr/lib/sse/atlas:/lib/i486-linux-gnu:/usr/lib/i486-linux-gnu:/usr/local/lib"
| #define HAVE_LIBDL 1
| #define HAVE_DLERROR 1
| #define HAVE_LIBDLLOADER 1
| #define HAVE_ARGZ_H 1
| #define HAVE_ERROR_T 1
| #define HAVE_ARGZ_ADD 1
| #define HAVE_ARGZ_APPEND 1
| #define HAVE_ARGZ_COUNT 1
| #define HAVE_ARGZ_CREATE_SEP 1
| #define HAVE_ARGZ_INSERT 1
| #define HAVE_ARGZ_NEXT 1
| #define HAVE_ARGZ_STRINGIFY 1
| #define HAVE_WORKING_ARGZ 1
| #define HAVE_PRELOADED_SYMBOLS 1
| #define HAVE_LTDL 1
| #define HAVE_UNISTD_H 1
| /* end confdefs.h.  */
| #include <stdio.h>
| #ifdef HAVE_SYS_TYPES_H
| # include <sys/types.h>
| #endif
| #ifdef HAVE_SYS_STAT_H
| # include <sys/stat.h>
| #endif
| #ifdef STDC_HEADERS
| # include <stdlib.h>
| # include <stddef.h>
| #else
| # ifdef HAVE_STDLIB_H
| #  include <stdlib.h>
| # endif
| #endif
| #ifdef HAVE_STRING_H
| # if !defined STDC_HEADERS && defined HAVE_MEMORY_H
| #  include <memory.h>
| # endif
| # include <string.h>
| #endif
| #ifdef HAVE_STRINGS_H
| # include <strings.h>
| #endif
| #ifdef HAVE_INTTYPES_H
| # include <inttypes.h>
| #endif
| #ifdef HAVE_STDINT_H
| # include <stdint.h>
| #endif
| #ifdef HAVE_UNISTD_H
| # include <unistd.h>
| #endif
| 
| #include <sys/dl.h>
configure:16203: result: no
configure:16203: checking for dld.h
configure:16203: gcc -c -g -O2  conftest.c >&5
conftest.c:74:17: fatal error: dld.h: No such file or directory
compilation terminated.
configure:16203: $? = 1
configure: failed program was:
| /* confdefs.h */
| #define PACKAGE_NAME "pinball"
| #define PACKAGE_TARNAME "pinball"
| #define PACKAGE_VERSION "0.0.0"
| #define PACKAGE_STRING "pinball 0.0.0"
| #define PACKAGE_BUGREPORT "pinball.sf.net"
| #define PACKAGE_URL ""
| #define STDC_HEADERS 1
| #define HAVE_SYS_TYPES_H 1
| #define HAVE_SYS_STAT_H 1
| #define HAVE_STDLIB_H 1
| #define HAVE_STRING_H 1
| #define HAVE_MEMORY_H 1
| #define HAVE_STRINGS_H 1
| #define HAVE_INTTYPES_H 1
| #define HAVE_STDINT_H 1
| #define HAVE_UNISTD_H 1
| #define HAVE_DLFCN_H 1
| #define LT_OBJDIR ".libs/"
| #define LT_MODULE_EXT ".so"
| #define LT_MODULE_PATH_VAR "LD_LIBRARY_PATH"
| #define LT_DLSEARCH_PATH "/lib:/usr/lib:/usr/lib/sse/atlas:/lib/i486-linux-gnu:/usr/lib/i486-linux-gnu:/usr/local/lib"
| #define HAVE_LIBDL 1
| #define HAVE_DLERROR 1
| #define HAVE_LIBDLLOADER 1
| #define HAVE_ARGZ_H 1
| #define HAVE_ERROR_T 1
| #define HAVE_ARGZ_ADD 1
| #define HAVE_ARGZ_APPEND 1
| #define HAVE_ARGZ_COUNT 1
| #define HAVE_ARGZ_CREATE_SEP 1
| #define HAVE_ARGZ_INSERT 1
| #define HAVE_ARGZ_NEXT 1
| #define HAVE_ARGZ_STRINGIFY 1
| #define HAVE_WORKING_ARGZ 1
| #define HAVE_PRELOADED_SYMBOLS 1
| #define HAVE_LTDL 1
| #define HAVE_UNISTD_H 1
| /* end confdefs.h.  */
| #include <stdio.h>
| #ifdef HAVE_SYS_TYPES_H
| # include <sys/types.h>
| #endif
| #ifdef HAVE_SYS_STAT_H
| # include <sys/stat.h>
| #endif
| #ifdef STDC_HEADERS
| # include <stdlib.h>
| # include <stddef.h>
| #else
| # ifdef HAVE_STDLIB_H
| #  include <stdlib.h>
| # endif
| #endif
| #ifdef HAVE_STRING_H
| # if !defined STDC_HEADERS && defined HAVE_MEMORY_H
| #  include <memory.h>
| # endif
| # include <string.h>
| #endif
| #ifdef HAVE_STRINGS_H
| # include <strings.h>
| #endif
| #ifdef HAVE_INTTYPES_H
| # include <inttypes.h>
| #endif
| #ifdef HAVE_STDINT_H
| # include <stdint.h>
| #endif
| #ifdef HAVE_UNISTD_H
| # include <unistd.h>
| #endif
| 
| #include <dld.h>
configure:16203: result: no
configure:16203: checking for mach-o/dyld.h
configure:16203: gcc -c -g -O2  conftest.c >&5
conftest.c:74:25: fatal error: mach-o/dyld.h: No such file or directory
compilation terminated.
configure:16203: $? = 1
configure: failed program was:
| /* confdefs.h */
| #define PACKAGE_NAME "pinball"
| #define PACKAGE_TARNAME "pinball"
| #define PACKAGE_VERSION "0.0.0"
| #define PACKAGE_STRING "pinball 0.0.0"
| #define PACKAGE_BUGREPORT "pinball.sf.net"
| #define PACKAGE_URL ""
| #define STDC_HEADERS 1
| #define HAVE_SYS_TYPES_H 1
| #define HAVE_SYS_STAT_H 1
| #define HAVE_STDLIB_H 1
| #define HAVE_STRING_H 1
| #define HAVE_MEMORY_H 1
| #define HAVE_STRINGS_H 1
| #define HAVE_INTTYPES_H 1
| #define HAVE_STDINT_H 1
| #define HAVE_UNISTD_H 1
| #define HAVE_DLFCN_H 1
| #define LT_OBJDIR ".libs/"
| #define LT_MODULE_EXT ".so"
| #define LT_MODULE_PATH_VAR "LD_LIBRARY_PATH"
| #define LT_DLSEARCH_PATH "/lib:/usr/lib:/usr/lib/sse/atlas:/lib/i486-linux-gnu:/usr/lib/i486-linux-gnu:/usr/local/lib"
| #define HAVE_LIBDL 1
| #define HAVE_DLERROR 1
| #define HAVE_LIBDLLOADER 1
| #define HAVE_ARGZ_H 1
| #define HAVE_ERROR_T 1
| #define HAVE_ARGZ_ADD 1
| #define HAVE_ARGZ_APPEND 1
| #define HAVE_ARGZ_COUNT 1
| #define HAVE_ARGZ_CREATE_SEP 1
| #define HAVE_ARGZ_INSERT 1
| #define HAVE_ARGZ_NEXT 1
| #define HAVE_ARGZ_STRINGIFY 1
| #define HAVE_WORKING_ARGZ 1
| #define HAVE_PRELOADED_SYMBOLS 1
| #define HAVE_LTDL 1
| #define HAVE_UNISTD_H 1
| /* end confdefs.h.  */
| #include <stdio.h>
| #ifdef HAVE_SYS_TYPES_H
| # include <sys/types.h>
| #endif
| #ifdef HAVE_SYS_STAT_H
| # include <sys/stat.h>
| #endif
| #ifdef STDC_HEADERS
| # include <stdlib.h>
| # include <stddef.h>
| #else
| # ifdef HAVE_STDLIB_H
| #  include <stdlib.h>
| # endif
| #endif
| #ifdef HAVE_STRING_H
| # if !defined STDC_HEADERS && defined HAVE_MEMORY_H
| #  include <memory.h>
| # endif
| # include <string.h>
| #endif
| #ifdef HAVE_STRINGS_H
| # include <strings.h>
| #endif
| #ifdef HAVE_INTTYPES_H
| # include <inttypes.h>
| #endif
| #ifdef HAVE_STDINT_H
| # include <stdint.h>
| #endif
| #ifdef HAVE_UNISTD_H
| # include <unistd.h>
| #endif
| 
| #include <mach-o/dyld.h>
configure:16203: result: no
configure:16203: checking for dirent.h
configure:16203: gcc -c -g -O2  conftest.c >&5
configure:16203: $? = 0
configure:16203: result: yes
configure:16218: checking for closedir
configure:16218: gcc -o conftest -g -O2   conftest.c -ldl  >&5
configure:16218: $? = 0
configure:16218: result: yes
configure:16218: checking for opendir
configure:16218: gcc -o conftest -g -O2   conftest.c -ldl  >&5
configure:16218: $? = 0
configure:16218: result: yes
configure:16218: checking for readdir
configure:16218: gcc -o conftest -g -O2   conftest.c -ldl  >&5
configure:16218: $? = 0
configure:16218: result: yes
configure:16235: checking for strlcat
configure:16235: gcc -o conftest -g -O2   conftest.c -ldl  >&5
/tmp/ccuHRhur.o: In function `main':
/tmp/tmp-rzr.tmp/var/lib/contrib.sh.dir/pinball/pinball/conftest.c:78: undefined reference to `strlcat'
collect2: ld returned 1 exit status
configure:16235: $? = 1
configure: failed program was:
| /* confdefs.h */
| #define PACKAGE_NAME "pinball"
| #define PACKAGE_TARNAME "pinball"
| #define PACKAGE_VERSION "0.0.0"
| #define PACKAGE_STRING "pinball 0.0.0"
| #define PACKAGE_BUGREPORT "pinball.sf.net"
| #define PACKAGE_URL ""
| #define STDC_HEADERS 1
| #define HAVE_SYS_TYPES_H 1
| #define HAVE_SYS_STAT_H 1
| #define HAVE_STDLIB_H 1
| #define HAVE_STRING_H 1
| #define HAVE_MEMORY_H 1
| #define HAVE_STRINGS_H 1
| #define HAVE_INTTYPES_H 1
| #define HAVE_STDINT_H 1
| #define HAVE_UNISTD_H 1
| #define HAVE_DLFCN_H 1
| #define LT_OBJDIR ".libs/"
| #define LT_MODULE_EXT ".so"
| #define LT_MODULE_PATH_VAR "LD_LIBRARY_PATH"
| #define LT_DLSEARCH_PATH "/lib:/usr/lib:/usr/lib/sse/atlas:/lib/i486-linux-gnu:/usr/lib/i486-linux-gnu:/usr/local/lib"
| #define HAVE_LIBDL 1
| #define HAVE_DLERROR 1
| #define HAVE_LIBDLLOADER 1
| #define HAVE_ARGZ_H 1
| #define HAVE_ERROR_T 1
| #define HAVE_ARGZ_ADD 1
| #define HAVE_ARGZ_APPEND 1
| #define HAVE_ARGZ_COUNT 1
| #define HAVE_ARGZ_CREATE_SEP 1
| #define HAVE_ARGZ_INSERT 1
| #define HAVE_ARGZ_NEXT 1
| #define HAVE_ARGZ_STRINGIFY 1
| #define HAVE_WORKING_ARGZ 1
| #define HAVE_PRELOADED_SYMBOLS 1
| #define HAVE_LTDL 1
| #define HAVE_UNISTD_H 1
| #define HAVE_DIRENT_H 1
| #define HAVE_CLOSEDIR 1
| #define HAVE_OPENDIR 1
| #define HAVE_READDIR 1
| /* end confdefs.h.  */
| /* Define strlcat to an innocuous variant, in case <limits.h> declares strlcat.
|    For example, HP-UX 11i <limits.h> declares gettimeofday.  */
| #define strlcat innocuous_strlcat
| 
| /* System header to define __stub macros and hopefully few prototypes,
|     which can conflict with char strlcat (); below.
|     Prefer <limits.h> to <assert.h> if __STDC__ is defined, since
|     <limits.h> exists even on freestanding compilers.  */
| 
| #ifdef __STDC__
| # include <limits.h>
| #else
| # include <assert.h>
| #endif
| 
| #undef strlcat
| 
| /* Override any GCC internal prototype to avoid an error.
|    Use char because int might match the return type of a GCC
|    builtin and then its argument prototype would still apply.  */
| #ifdef __cplusplus
| extern "C"
| #endif
| char strlcat ();
| /* The GNU C library defines this for functions which it implements
|     to always fail with ENOSYS.  Some functions are actually named
|     something starting with __ and the normal name is an alias.  */
| #if defined __stub_strlcat || defined __stub___strlcat
| choke me
| #endif
| 
| int
| main ()
| {
| return strlcat ();
|   ;
|   return 0;
| }
configure:16235: result: no
configure:16235: checking for strlcpy
configure:16235: gcc -o conftest -g -O2   conftest.c -ldl  >&5
/tmp/ccripVn8.o: In function `main':
/tmp/tmp-rzr.tmp/var/lib/contrib.sh.dir/pinball/pinball/conftest.c:78: undefined reference to `strlcpy'
collect2: ld returned 1 exit status
configure:16235: $? = 1
configure: failed program was:
| /* confdefs.h */
| #define PACKAGE_NAME "pinball"
| #define PACKAGE_TARNAME "pinball"
| #define PACKAGE_VERSION "0.0.0"
| #define PACKAGE_STRING "pinball 0.0.0"
| #define PACKAGE_BUGREPORT "pinball.sf.net"
| #define PACKAGE_URL ""
| #define STDC_HEADERS 1
| #define HAVE_SYS_TYPES_H 1
| #define HAVE_SYS_STAT_H 1
| #define HAVE_STDLIB_H 1
| #define HAVE_STRING_H 1
| #define HAVE_MEMORY_H 1
| #define HAVE_STRINGS_H 1
| #define HAVE_INTTYPES_H 1
| #define HAVE_STDINT_H 1
| #define HAVE_UNISTD_H 1
| #define HAVE_DLFCN_H 1
| #define LT_OBJDIR ".libs/"
| #define LT_MODULE_EXT ".so"
| #define LT_MODULE_PATH_VAR "LD_LIBRARY_PATH"
| #define LT_DLSEARCH_PATH "/lib:/usr/lib:/usr/lib/sse/atlas:/lib/i486-linux-gnu:/usr/lib/i486-linux-gnu:/usr/local/lib"
| #define HAVE_LIBDL 1
| #define HAVE_DLERROR 1
| #define HAVE_LIBDLLOADER 1
| #define HAVE_ARGZ_H 1
| #define HAVE_ERROR_T 1
| #define HAVE_ARGZ_ADD 1
| #define HAVE_ARGZ_APPEND 1
| #define HAVE_ARGZ_COUNT 1
| #define HAVE_ARGZ_CREATE_SEP 1
| #define HAVE_ARGZ_INSERT 1
| #define HAVE_ARGZ_NEXT 1
| #define HAVE_ARGZ_STRINGIFY 1
| #define HAVE_WORKING_ARGZ 1
| #define HAVE_PRELOADED_SYMBOLS 1
| #define HAVE_LTDL 1
| #define HAVE_UNISTD_H 1
| #define HAVE_DIRENT_H 1
| #define HAVE_CLOSEDIR 1
| #define HAVE_OPENDIR 1
| #define HAVE_READDIR 1
| /* end confdefs.h.  */
| /* Define strlcpy to an innocuous variant, in case <limits.h> declares strlcpy.
|    For example, HP-UX 11i <limits.h> declares gettimeofday.  */
| #define strlcpy innocuous_strlcpy
| 
| /* System header to define __stub macros and hopefully few prototypes,
|     which can conflict with char strlcpy (); below.
|     Prefer <limits.h> to <assert.h> if __STDC__ is defined, since
|     <limits.h> exists even on freestanding compilers.  */
| 
| #ifdef __STDC__
| # include <limits.h>
| #else
| # include <assert.h>
| #endif
| 
| #undef strlcpy
| 
| /* Override any GCC internal prototype to avoid an error.
|    Use char because int might match the return type of a GCC
|    builtin and then its argument prototype would still apply.  */
| #ifdef __cplusplus
| extern "C"
| #endif
| char strlcpy ();
| /* The GNU C library defines this for functions which it implements
|     to always fail with ENOSYS.  Some functions are actually named
|     something starting with __ and the normal name is an alias.  */
| #if defined __stub_strlcpy || defined __stub___strlcpy
| choke me
| #endif
| 
| int
| main ()
| {
| return strlcpy ();
|   ;
|   return 0;
| }
configure:16235: result: no
configure:16396: checking for X
configure:16535: gcc -o conftest -g -O2   conftest.c -lX11 -ldl  >&5
configure:16535: $? = 0
configure:16585: result: libraries , headers 
configure:16684: gcc -o conftest -g -O2   conftest.c -ldl   -lX11 >&5
configure:16684: $? = 0
configure:16782: checking for gethostbyname
configure:16782: gcc -o conftest -g -O2   conftest.c -ldl  >&5
configure:16782: $? = 0
configure:16782: result: yes
configure:16879: checking for connect
configure:16879: gcc -o conftest -g -O2   conftest.c -ldl  >&5
configure:16879: $? = 0
configure:16879: result: yes
configure:16928: checking for remove
configure:16928: gcc -o conftest -g -O2   conftest.c -ldl  >&5
configure:16928: $? = 0
configure:16928: result: yes
configure:16977: checking for shmat
configure:16977: gcc -o conftest -g -O2   conftest.c -ldl  >&5
configure:16977: $? = 0
configure:16977: result: yes
configure:17035: checking for IceConnectionNumber in -lICE
configure:17060: gcc -o conftest -g -O2   conftest.c -lICE  -ldl  >&5
configure:17060: $? = 0
configure:17069: result: yes
configure:17090: checking for OpenGL support
configure:17113: gcc -c -g -O2   conftest.c >&5
configure:17113: $? = 0
configure:17119: result: yes
configure:17167: checking for sdl-config
configure:17185: found /usr/bin/sdl-config
configure:17198: result: /usr/bin/sdl-config
configure:17207: checking for SDL - version >= 1.2.0
configure:17292: gcc -o conftest -g -O2  -I/usr/include/SDL -D_GNU_SOURCE=1 -D_REENTRANT   conftest.c  -lSM -lICE   -lGL -lGLU -ldl  -L/usr/lib -lSDL >&5
configure:17292: $? = 0
configure:17292: ./conftest
configure:17292: $? = 0
configure:17306: result: yes
configure:17395: checking for IMG_Load in -lSDL_image
configure:17420: gcc -o conftest -g -O2  -I/usr/include/SDL -D_GNU_SOURCE=1 -D_REENTRANT  -I/usr/include/SDL -D_GNU_SOURCE=1 -D_REENTRANT  conftest.c -lSDL_image   -lSM -lICE   -lGL -lGLU -ldl  -L/usr/lib -lSDL >&5
configure:17420: $? = 0
configure:17429: result: yes
configure:17920: checking for ANSI C header files
configure:18024: result: yes
configure:18034: checking for sys/stat.h
configure:18034: result: yes
configure:18048: checking for sys/types.h
configure:18048: result: yes
configure:18063: checking for stdbool.h that conforms to C99
configure:18130: gcc -c -g -O2  -I/usr/include/SDL -D_GNU_SOURCE=1 -D_REENTRANT  -I/usr/include/SDL -D_GNU_SOURCE=1 -D_REENTRANT conftest.c >&5
configure:18130: $? = 0
configure:18137: result: yes
configure:18139: checking for _Bool
configure:18139: gcc -c -g -O2  -I/usr/include/SDL -D_GNU_SOURCE=1 -D_REENTRANT  -I/usr/include/SDL -D_GNU_SOURCE=1 -D_REENTRANT conftest.c >&5
configure:18139: $? = 0
configure:18139: gcc -c -g -O2  -I/usr/include/SDL -D_GNU_SOURCE=1 -D_REENTRANT  -I/usr/include/SDL -D_GNU_SOURCE=1 -D_REENTRANT conftest.c >&5
conftest.c: In function 'main':
conftest.c:89:20: error: expected expression before ')' token
configure:18139: $? = 1
configure: failed program was:
| /* confdefs.h */
| #define PACKAGE_NAME "pinball"
| #define PACKAGE_TARNAME "pinball"
| #define PACKAGE_VERSION "0.0.0"
| #define PACKAGE_STRING "pinball 0.0.0"
| #define PACKAGE_BUGREPORT "pinball.sf.net"
| #define PACKAGE_URL ""
| #define STDC_HEADERS 1
| #define HAVE_SYS_TYPES_H 1
| #define HAVE_SYS_STAT_H 1
| #define HAVE_STDLIB_H 1
| #define HAVE_STRING_H 1
| #define HAVE_MEMORY_H 1
| #define HAVE_STRINGS_H 1
| #define HAVE_INTTYPES_H 1
| #define HAVE_STDINT_H 1
| #define HAVE_UNISTD_H 1
| #define HAVE_DLFCN_H 1
| #define LT_OBJDIR ".libs/"
| #define LT_MODULE_EXT ".so"
| #define LT_MODULE_PATH_VAR "LD_LIBRARY_PATH"
| #define LT_DLSEARCH_PATH "/lib:/usr/lib:/usr/lib/sse/atlas:/lib/i486-linux-gnu:/usr/lib/i486-linux-gnu:/usr/local/lib"
| #define HAVE_LIBDL 1
| #define HAVE_DLERROR 1
| #define HAVE_LIBDLLOADER 1
| #define HAVE_ARGZ_H 1
| #define HAVE_ERROR_T 1
| #define HAVE_ARGZ_ADD 1
| #define HAVE_ARGZ_APPEND 1
| #define HAVE_ARGZ_COUNT 1
| #define HAVE_ARGZ_CREATE_SEP 1
| #define HAVE_ARGZ_INSERT 1
| #define HAVE_ARGZ_NEXT 1
| #define HAVE_ARGZ_STRINGIFY 1
| #define HAVE_WORKING_ARGZ 1
| #define HAVE_PRELOADED_SYMBOLS 1
| #define HAVE_LTDL 1
| #define HAVE_UNISTD_H 1
| #define HAVE_DIRENT_H 1
| #define HAVE_CLOSEDIR 1
| #define HAVE_OPENDIR 1
| #define HAVE_READDIR 1
| #define LT_LIBEXT "a"
| #define LT_LIBPREFIX "lib"
| #define EM_DATADIR "/usr/share/games/pinball"
| #define EM_LIBDIR "/usr/lib/pinball"
| #define EM_HIGHSCORE_DIR "/var/games/pinball"
| #define EM_USE_SDL 1
| #define STDC_HEADERS 1
| #define HAVE_SYS_STAT_H 1
| #define HAVE_SYS_TYPES_H 1
| /* end confdefs.h.  */
| #include <stdio.h>
| #ifdef HAVE_SYS_TYPES_H
| # include <sys/types.h>
| #endif
| #ifdef HAVE_SYS_STAT_H
| # include <sys/stat.h>
| #endif
| #ifdef STDC_HEADERS
| # include <stdlib.h>
| # include <stddef.h>
| #else
| # ifdef HAVE_STDLIB_H
| #  include <stdlib.h>
| # endif
| #endif
| #ifdef HAVE_STRING_H
| # if !defined STDC_HEADERS && defined HAVE_MEMORY_H
| #  include <memory.h>
| # endif
| # include <string.h>
| #endif
| #ifdef HAVE_STRINGS_H
| # include <strings.h>
| #endif
| #ifdef HAVE_INTTYPES_H
| # include <inttypes.h>
| #endif
| #ifdef HAVE_STDINT_H
| # include <stdint.h>
| #endif
| #ifdef HAVE_UNISTD_H
| # include <unistd.h>
| #endif
| int
| main ()
| {
| if (sizeof ((_Bool)))
| 	    return 0;
|   ;
|   return 0;
| }
configure:18139: result: yes
configure:18155: checking for inline
configure:18171: gcc -c -g -O2  -I/usr/include/SDL -D_GNU_SOURCE=1 -D_REENTRANT  -I/usr/include/SDL -D_GNU_SOURCE=1 -D_REENTRANT conftest.c >&5
configure:18171: $? = 0
configure:18179: result: inline
configure:18199: checking whether lstat correctly handles trailing slash
configure:18225: gcc -o conftest -g -O2  -I/usr/include/SDL -D_GNU_SOURCE=1 -D_REENTRANT  -I/usr/include/SDL -D_GNU_SOURCE=1 -D_REENTRANT  conftest.c  -lSM -lICE   -lGL -lGLU -ldl  -L/usr/lib -lSDL -lSDL_image -lSDL_mixer >&5
configure:18225: $? = 0
configure:18225: ./conftest
configure:18225: $? = 0
configure:18242: result: yes
configure:18263: checking for stdlib.h
configure:18263: result: yes
configure:18273: checking for GNU libc compatible malloc
configure:18297: gcc -o conftest -g -O2  -I/usr/include/SDL -D_GNU_SOURCE=1 -D_REENTRANT  -I/usr/include/SDL -D_GNU_SOURCE=1 -D_REENTRANT  conftest.c  -lSM -lICE   -lGL -lGLU -ldl  -L/usr/lib -lSDL -lSDL_image -lSDL_mixer >&5
configure:18297: $? = 0
configure:18297: ./conftest
configure:18297: $? = 0
configure:18307: result: yes
configure:18330: checking for stdlib.h
configure:18330: result: yes
configure:18340: checking for GNU libc compatible realloc
configure:18364: gcc -o conftest -g -O2  -I/usr/include/SDL -D_GNU_SOURCE=1 -D_REENTRANT  -I/usr/include/SDL -D_GNU_SOURCE=1 -D_REENTRANT  conftest.c  -lSM -lICE   -lGL -lGLU -ldl  -L/usr/lib -lSDL -lSDL_image -lSDL_mixer >&5
configure:18364: $? = 0
configure:18364: ./conftest
configure:18364: $? = 0
configure:18374: result: yes
configure:18398: checking for getcwd
configure:18398: gcc -o conftest -g -O2  -I/usr/include/SDL -D_GNU_SOURCE=1 -D_REENTRANT  -I/usr/include/SDL -D_GNU_SOURCE=1 -D_REENTRANT  conftest.c  -lSM -lICE   -lGL -lGLU -ldl  -L/usr/lib -lSDL -lSDL_image -lSDL_mixer >&5
configure:18398: $? = 0
configure:18398: result: yes
configure:18398: checking for gettimeofday
configure:18398: gcc -o conftest -g -O2  -I/usr/include/SDL -D_GNU_SOURCE=1 -D_REENTRANT  -I/usr/include/SDL -D_GNU_SOURCE=1 -D_REENTRANT  conftest.c  -lSM -lICE   -lGL -lGLU -ldl  -L/usr/lib -lSDL -lSDL_image -lSDL_mixer >&5
configure:18398: $? = 0
configure:18398: result: yes
configure:18398: checking for memset
configure:18398: gcc -o conftest -g -O2  -I/usr/include/SDL -D_GNU_SOURCE=1 -D_REENTRANT  -I/usr/include/SDL -D_GNU_SOURCE=1 -D_REENTRANT  conftest.c  -lSM -lICE   -lGL -lGLU -ldl  -L/usr/lib -lSDL -lSDL_image -lSDL_mixer >&5
conftest.c:85:6: warning: conflicting types for built-in function 'memset'
configure:18398: $? = 0
configure:18398: result: yes
configure:18398: checking for mkdir
configure:18398: gcc -o conftest -g -O2  -I/usr/include/SDL -D_GNU_SOURCE=1 -D_REENTRANT  -I/usr/include/SDL -D_GNU_SOURCE=1 -D_REENTRANT  conftest.c  -lSM -lICE   -lGL -lGLU -ldl  -L/usr/lib -lSDL -lSDL_image -lSDL_mixer >&5
configure:18398: $? = 0
configure:18398: result: yes
configure:18398: checking for pow
configure:18398: gcc -o conftest -g -O2  -I/usr/include/SDL -D_GNU_SOURCE=1 -D_REENTRANT  -I/usr/include/SDL -D_GNU_SOURCE=1 -D_REENTRANT  conftest.c  -lSM -lICE   -lGL -lGLU -ldl  -L/usr/lib -lSDL -lSDL_image -lSDL_mixer >&5
conftest.c:87:6: warning: conflicting types for built-in function 'pow'
/usr/bin/ld: /tmp/cc1kDPHM.o: undefined reference to symbol 'pow@@GLIBC_2.0'
/usr/bin/ld: note: 'pow@@GLIBC_2.0' is defined in DSO //lib/libm.so.6 so try adding it to the linker command line
//lib/libm.so.6: could not read symbols: Invalid operation
collect2: ld returned 1 exit status
configure:18398: $? = 1
configure: failed program was:
| /* confdefs.h */
| #define PACKAGE_NAME "pinball"
| #define PACKAGE_TARNAME "pinball"
| #define PACKAGE_VERSION "0.0.0"
| #define PACKAGE_STRING "pinball 0.0.0"
| #define PACKAGE_BUGREPORT "pinball.sf.net"
| #define PACKAGE_URL ""
| #define STDC_HEADERS 1
| #define HAVE_SYS_TYPES_H 1
| #define HAVE_SYS_STAT_H 1
| #define HAVE_STDLIB_H 1
| #define HAVE_STRING_H 1
| #define HAVE_MEMORY_H 1
| #define HAVE_STRINGS_H 1
| #define HAVE_INTTYPES_H 1
| #define HAVE_STDINT_H 1
| #define HAVE_UNISTD_H 1
| #define HAVE_DLFCN_H 1
| #define LT_OBJDIR ".libs/"
| #define LT_MODULE_EXT ".so"
| #define LT_MODULE_PATH_VAR "LD_LIBRARY_PATH"
| #define LT_DLSEARCH_PATH "/lib:/usr/lib:/usr/lib/sse/atlas:/lib/i486-linux-gnu:/usr/lib/i486-linux-gnu:/usr/local/lib"
| #define HAVE_LIBDL 1
| #define HAVE_DLERROR 1
| #define HAVE_LIBDLLOADER 1
| #define HAVE_ARGZ_H 1
| #define HAVE_ERROR_T 1
| #define HAVE_ARGZ_ADD 1
| #define HAVE_ARGZ_APPEND 1
| #define HAVE_ARGZ_COUNT 1
| #define HAVE_ARGZ_CREATE_SEP 1
| #define HAVE_ARGZ_INSERT 1
| #define HAVE_ARGZ_NEXT 1
| #define HAVE_ARGZ_STRINGIFY 1
| #define HAVE_WORKING_ARGZ 1
| #define HAVE_PRELOADED_SYMBOLS 1
| #define HAVE_LTDL 1
| #define HAVE_UNISTD_H 1
| #define HAVE_DIRENT_H 1
| #define HAVE_CLOSEDIR 1
| #define HAVE_OPENDIR 1
| #define HAVE_READDIR 1
| #define LT_LIBEXT "a"
| #define LT_LIBPREFIX "lib"
| #define EM_DATADIR "/usr/share/games/pinball"
| #define EM_LIBDIR "/usr/lib/pinball"
| #define EM_HIGHSCORE_DIR "/var/games/pinball"
| #define EM_USE_SDL 1
| #define STDC_HEADERS 1
| #define HAVE_SYS_STAT_H 1
| #define HAVE_SYS_TYPES_H 1
| #define HAVE__BOOL 1
| #define HAVE_STDBOOL_H 1
| #define LSTAT_FOLLOWS_SLASHED_SYMLINK 1
| #define HAVE_STDLIB_H 1
| #define HAVE_MALLOC 1
| #define HAVE_STDLIB_H 1
| #define HAVE_REALLOC 1
| #define HAVE_GETCWD 1
| #define HAVE_GETTIMEOFDAY 1
| #define HAVE_MEMSET 1
| #define HAVE_MKDIR 1
| /* end confdefs.h.  */
| /* Define pow to an innocuous variant, in case <limits.h> declares pow.
|    For example, HP-UX 11i <limits.h> declares gettimeofday.  */
| #define pow innocuous_pow
| 
| /* System header to define __stub macros and hopefully few prototypes,
|     which can conflict with char pow (); below.
|     Prefer <limits.h> to <assert.h> if __STDC__ is defined, since
|     <limits.h> exists even on freestanding compilers.  */
| 
| #ifdef __STDC__
| # include <limits.h>
| #else
| # include <assert.h>
| #endif
| 
| #undef pow
| 
| /* Override any GCC internal prototype to avoid an error.
|    Use char because int might match the return type of a GCC
|    builtin and then its argument prototype would still apply.  */
| #ifdef __cplusplus
| extern "C"
| #endif
| char pow ();
| /* The GNU C library defines this for functions which it implements
|     to always fail with ENOSYS.  Some functions are actually named
|     something starting with __ and the normal name is an alias.  */
| #if defined __stub_pow || defined __stub___pow
| choke me
| #endif
| 
| int
| main ()
| {
| return pow ();
|   ;
|   return 0;
| }
configure:18398: result: no
configure:18398: checking for sqrt
configure:18398: gcc -o conftest -g -O2  -I/usr/include/SDL -D_GNU_SOURCE=1 -D_REENTRANT  -I/usr/include/SDL -D_GNU_SOURCE=1 -D_REENTRANT  conftest.c  -lSM -lICE   -lGL -lGLU -ldl  -L/usr/lib -lSDL -lSDL_image -lSDL_mixer >&5
conftest.c:87:6: warning: conflicting types for built-in function 'sqrt'
/usr/bin/ld: /tmp/ccN2Rezx.o: undefined reference to symbol 'sqrt@@GLIBC_2.0'
/usr/bin/ld: note: 'sqrt@@GLIBC_2.0' is defined in DSO //lib/libm.so.6 so try adding it to the linker command line
//lib/libm.so.6: could not read symbols: Invalid operation
collect2: ld returned 1 exit status
configure:18398: $? = 1
configure: failed program was:
| /* confdefs.h */
| #define PACKAGE_NAME "pinball"
| #define PACKAGE_TARNAME "pinball"
| #define PACKAGE_VERSION "0.0.0"
| #define PACKAGE_STRING "pinball 0.0.0"
| #define PACKAGE_BUGREPORT "pinball.sf.net"
| #define PACKAGE_URL ""
| #define STDC_HEADERS 1
| #define HAVE_SYS_TYPES_H 1
| #define HAVE_SYS_STAT_H 1
| #define HAVE_STDLIB_H 1
| #define HAVE_STRING_H 1
| #define HAVE_MEMORY_H 1
| #define HAVE_STRINGS_H 1
| #define HAVE_INTTYPES_H 1
| #define HAVE_STDINT_H 1
| #define HAVE_UNISTD_H 1
| #define HAVE_DLFCN_H 1
| #define LT_OBJDIR ".libs/"
| #define LT_MODULE_EXT ".so"
| #define LT_MODULE_PATH_VAR "LD_LIBRARY_PATH"
| #define LT_DLSEARCH_PATH "/lib:/usr/lib:/usr/lib/sse/atlas:/lib/i486-linux-gnu:/usr/lib/i486-linux-gnu:/usr/local/lib"
| #define HAVE_LIBDL 1
| #define HAVE_DLERROR 1
| #define HAVE_LIBDLLOADER 1
| #define HAVE_ARGZ_H 1
| #define HAVE_ERROR_T 1
| #define HAVE_ARGZ_ADD 1
| #define HAVE_ARGZ_APPEND 1
| #define HAVE_ARGZ_COUNT 1
| #define HAVE_ARGZ_CREATE_SEP 1
| #define HAVE_ARGZ_INSERT 1
| #define HAVE_ARGZ_NEXT 1
| #define HAVE_ARGZ_STRINGIFY 1
| #define HAVE_WORKING_ARGZ 1
| #define HAVE_PRELOADED_SYMBOLS 1
| #define HAVE_LTDL 1
| #define HAVE_UNISTD_H 1
| #define HAVE_DIRENT_H 1
| #define HAVE_CLOSEDIR 1
| #define HAVE_OPENDIR 1
| #define HAVE_READDIR 1
| #define LT_LIBEXT "a"
| #define LT_LIBPREFIX "lib"
| #define EM_DATADIR "/usr/share/games/pinball"
| #define EM_LIBDIR "/usr/lib/pinball"
| #define EM_HIGHSCORE_DIR "/var/games/pinball"
| #define EM_USE_SDL 1
| #define STDC_HEADERS 1
| #define HAVE_SYS_STAT_H 1
| #define HAVE_SYS_TYPES_H 1
| #define HAVE__BOOL 1
| #define HAVE_STDBOOL_H 1
| #define LSTAT_FOLLOWS_SLASHED_SYMLINK 1
| #define HAVE_STDLIB_H 1
| #define HAVE_MALLOC 1
| #define HAVE_STDLIB_H 1
| #define HAVE_REALLOC 1
| #define HAVE_GETCWD 1
| #define HAVE_GETTIMEOFDAY 1
| #define HAVE_MEMSET 1
| #define HAVE_MKDIR 1
| /* end confdefs.h.  */
| /* Define sqrt to an innocuous variant, in case <limits.h> declares sqrt.
|    For example, HP-UX 11i <limits.h> declares gettimeofday.  */
| #define sqrt innocuous_sqrt
| 
| /* System header to define __stub macros and hopefully few prototypes,
|     which can conflict with char sqrt (); below.
|     Prefer <limits.h> to <assert.h> if __STDC__ is defined, since
|     <limits.h> exists even on freestanding compilers.  */
| 
| #ifdef __STDC__
| # include <limits.h>
| #else
| # include <assert.h>
| #endif
| 
| #undef sqrt
| 
| /* Override any GCC internal prototype to avoid an error.
|    Use char because int might match the return type of a GCC
|    builtin and then its argument prototype would still apply.  */
| #ifdef __cplusplus
| extern "C"
| #endif
| char sqrt ();
| /* The GNU C library defines this for functions which it implements
|     to always fail with ENOSYS.  Some functions are actually named
|     something starting with __ and the normal name is an alias.  */
| #if defined __stub_sqrt || defined __stub___sqrt
| choke me
| #endif
| 
| int
| main ()
| {
| return sqrt ();
|   ;
|   return 0;
| }
configure:18398: result: no
configure:18398: checking for strchr
configure:18398: gcc -o conftest -g -O2  -I/usr/include/SDL -D_GNU_SOURCE=1 -D_REENTRANT  -I/usr/include/SDL -D_GNU_SOURCE=1 -D_REENTRANT  conftest.c  -lSM -lICE   -lGL -lGLU -ldl  -L/usr/lib -lSDL -lSDL_image -lSDL_mixer >&5
conftest.c:87:6: warning: conflicting types for built-in function 'strchr'
configure:18398: $? = 0
configure:18398: result: yes
configure:18398: checking for strrchr
configure:18398: gcc -o conftest -g -O2  -I/usr/include/SDL -D_GNU_SOURCE=1 -D_REENTRANT  -I/usr/include/SDL -D_GNU_SOURCE=1 -D_REENTRANT  conftest.c  -lSM -lICE   -lGL -lGLU -ldl  -L/usr/lib -lSDL -lSDL_image -lSDL_mixer >&5
conftest.c:88:6: warning: conflicting types for built-in function 'strrchr'
configure:18398: $? = 0
configure:18398: result: yes
configure:18398: checking for strstr
configure:18398: gcc -o conftest -g -O2  -I/usr/include/SDL -D_GNU_SOURCE=1 -D_REENTRANT  -I/usr/include/SDL -D_GNU_SOURCE=1 -D_REENTRANT  conftest.c  -lSM -lICE   -lGL -lGLU -ldl  -L/usr/lib -lSDL -lSDL_image -lSDL_mixer >&5
conftest.c:89:6: warning: conflicting types for built-in function 'strstr'
configure:18398: $? = 0
configure:18398: result: yes
configure:18597: creating ./config.status

## ---------------------- ##
## Running config.status. ##
## ---------------------- ##

This file was extended by pinball config.status 0.0.0, which was
generated by GNU Autoconf 2.68.  Invocation command line was

  CONFIG_FILES    = 
  CONFIG_HEADERS  = 
  CONFIG_LINKS    = 
  CONFIG_COMMANDS = 
  $ ./config.status 

on nrv

config.status:1253: creating Makefile
config.status:1253: creating addon/Makefile
config.status:1253: creating base/Makefile
config.status:1253: creating data/Makefile
config.status:1253: creating src/Makefile
config.status:1253: creating test/Makefile
config.status:1253: creating pinball-config
config.status:1361: WARNING:  'pinball-config.in' seems to ignore the --datarootdir setting
config.status:1253: creating data/tux/Makefile
config.status:1253: creating data/professor/Makefile
config.status:1253: creating data/hurd/Makefile
config.status:1253: creating pinconfig.h
config.status:1253: creating config.h
config.status:1482: executing depfiles commands
config.status:1482: executing libtool commands
configure:21183: === configuring in libltdl (/tmp/tmp-rzr.tmp/var/lib/contrib.sh.dir/pinball/pinball/libltdl)
configure:21246: running /bin/sh ./configure --disable-option-checking '--prefix=/usr'  '--build=i486-linux-gnu' '--includedir=${prefix}/include' '--mandir=${prefix}/share/man' '--infodir=${prefix}/share/info' '--sysconfdir=/etc' '--localstatedir=/var' '--libexecdir=${prefix}/lib/pinball' '--disable-maintainer-mode' '--disable-dependency-tracking' '--bindir=/usr/games' '--datadir=/usr/share/games' '--with-cflags=-g -O2' '--with-cxxflags=-g -O2' 'build_alias=i486-linux-gnu' 'CXXFLAGS=-g -O2' 'LDFLAGS=' 'CPPFLAGS=' 'CFLAGS=-g -O2' --cache-file=/dev/null --srcdir=.

## ---------------- ##
## Cache variables. ##
## ---------------- ##

ac_cv_build=i486-pc-linux-gnu
ac_cv_c_compiler_gnu=yes
ac_cv_c_inline=inline
ac_cv_cxx_compiler_gnu=yes
ac_cv_env_CCC_set=
ac_cv_env_CCC_value=
ac_cv_env_CC_set=
ac_cv_env_CC_value=
ac_cv_env_CFLAGS_set=set
ac_cv_env_CFLAGS_value='-g -O2'
ac_cv_env_CPPFLAGS_set=set
ac_cv_env_CPPFLAGS_value=
ac_cv_env_CPP_set=
ac_cv_env_CPP_value=
ac_cv_env_CXXCPP_set=
ac_cv_env_CXXCPP_value=
ac_cv_env_CXXFLAGS_set=set
ac_cv_env_CXXFLAGS_value='-g -O2'
ac_cv_env_CXX_set=
ac_cv_env_CXX_value=
ac_cv_env_LDFLAGS_set=set
ac_cv_env_LDFLAGS_value=
ac_cv_env_LIBS_set=
ac_cv_env_LIBS_value=
ac_cv_env_XMKMF_set=
ac_cv_env_XMKMF_value=
ac_cv_env_build_alias_set=set
ac_cv_env_build_alias_value=i486-linux-gnu
ac_cv_env_host_alias_set=
ac_cv_env_host_alias_value=
ac_cv_env_target_alias_set=
ac_cv_env_target_alias_value=
ac_cv_func_argz_add=yes
ac_cv_func_argz_append=yes
ac_cv_func_argz_count=yes
ac_cv_func_argz_create_sep=yes
ac_cv_func_argz_insert=yes
ac_cv_func_argz_next=yes
ac_cv_func_argz_stringify=yes
ac_cv_func_closedir=yes
ac_cv_func_connect=yes
ac_cv_func_dlerror=yes
ac_cv_func_getcwd=yes
ac_cv_func_gethostbyname=yes
ac_cv_func_gettimeofday=yes
ac_cv_func_lstat_dereferences_slashed_symlink=yes
ac_cv_func_malloc_0_nonnull=yes
ac_cv_func_memset=yes
ac_cv_func_mkdir=yes
ac_cv_func_opendir=yes
ac_cv_func_pow=no
ac_cv_func_readdir=yes
ac_cv_func_realloc_0_nonnull=yes
ac_cv_func_remove=yes
ac_cv_func_shl_load=no
ac_cv_func_shmat=yes
ac_cv_func_sqrt=no
ac_cv_func_strchr=yes
ac_cv_func_strlcat=no
ac_cv_func_strlcpy=no
ac_cv_func_strrchr=yes
ac_cv_func_strstr=yes
ac_cv_have_decl_lt_dlinterface_register=yes
ac_cv_have_x='have_x=yes	ac_x_includes='\'''\''	ac_x_libraries='\'''\'''
ac_cv_header_argz_h=yes
ac_cv_header_dirent_h=yes
ac_cv_header_dl_h=no
ac_cv_header_dld_h=no
ac_cv_header_dlfcn_h=yes
ac_cv_header_inttypes_h=yes
ac_cv_header_ltdl_h=yes
ac_cv_header_mach_o_dyld_h=no
ac_cv_header_memory_h=yes
ac_cv_header_stdbool_h=yes
ac_cv_header_stdc=yes
ac_cv_header_stdint_h=yes
ac_cv_header_stdlib_h=yes
ac_cv_header_string_h=yes
ac_cv_header_strings_h=yes
ac_cv_header_sys_dl_h=no
ac_cv_header_sys_stat_h=yes
ac_cv_header_sys_types_h=yes
ac_cv_header_unistd_h=yes
ac_cv_host=i486-pc-linux-gnu
ac_cv_lib_ICE_IceConnectionNumber=yes
ac_cv_lib_SDL_image_IMG_Load=yes
ac_cv_lib_dld_dld_link=no
ac_cv_lib_dld_shl_load=no
ac_cv_lib_ltdl_lt_dladvise_preload=yes
ac_cv_objext=o
ac_cv_path_EGREP='/bin/grep -E'
ac_cv_path_FGREP='/bin/grep -F'
ac_cv_path_GREP=/bin/grep
ac_cv_path_SDL_CONFIG=/usr/bin/sdl-config
ac_cv_path_SED=/bin/sed
ac_cv_path_install='/usr/bin/install -c'
ac_cv_path_mkdir=/bin/mkdir
ac_cv_prog_AWK=gawk
ac_cv_prog_CPP='gcc -E'
ac_cv_prog_CXXCPP='g++ -E'
ac_cv_prog_ac_ct_AR=ar
ac_cv_prog_ac_ct_CC=gcc
ac_cv_prog_ac_ct_CXX=g++
ac_cv_prog_ac_ct_MANIFEST_TOOL=mt
ac_cv_prog_ac_ct_OBJDUMP=objdump
ac_cv_prog_ac_ct_RANLIB=ranlib
ac_cv_prog_ac_ct_STRIP=strip
ac_cv_prog_cc_c89=
ac_cv_prog_cc_g=yes
ac_cv_prog_cxx_g=yes
ac_cv_prog_make_make_set=yes
ac_cv_search_dlopen=-ldl
ac_cv_target=i486-pc-linux-gnu
ac_cv_type__Bool=yes
ac_cv_type_error_t=yes
am_cv_CC_dependencies_compiler_type=none
am_cv_CXX_dependencies_compiler_type=none
libltdl_cv_lib_dl_dlopen=yes
libltdl_cv_preloaded_symbols=yes
libltdl_cv_shlibext=.so
lt_cv_ar_at_file=@
lt_cv_archive_cmds_need_lc=no
lt_cv_deplibs_check_method=pass_all
lt_cv_file_magic_cmd='$MAGIC_CMD'
lt_cv_file_magic_test_file=
lt_cv_ld_reload_flag=-r
lt_cv_module_path_var=LD_LIBRARY_PATH
lt_cv_nm_interface='BSD nm'
lt_cv_objdir=.libs
lt_cv_path_LD=/usr/bin/ld
lt_cv_path_LDCXX=/usr/bin/ld
lt_cv_path_NM='/usr/bin/nm -B'
lt_cv_path_mainfest_tool=no
lt_cv_prog_compiler_c_o=yes
lt_cv_prog_compiler_c_o_CXX=yes
lt_cv_prog_compiler_pic='-fPIC -DPIC'
lt_cv_prog_compiler_pic_CXX='-fPIC -DPIC'
lt_cv_prog_compiler_pic_works=yes
lt_cv_prog_compiler_pic_works_CXX=yes
lt_cv_prog_compiler_rtti_exceptions=no
lt_cv_prog_compiler_static_works=yes
lt_cv_prog_compiler_static_works_CXX=yes
lt_cv_prog_gnu_ld=yes
lt_cv_prog_gnu_ldcxx=yes
lt_cv_sharedlib_from_linklib_cmd='printf %s\n'
lt_cv_shlibpath_overrides_runpath=no
lt_cv_sys_argz_works=yes
lt_cv_sys_dlopen_deplibs=yes
lt_cv_sys_dlsearch_path='/lib /usr/lib /usr/lib/sse/atlas /lib/i486-linux-gnu /usr/lib/i486-linux-gnu /usr/local/lib '
lt_cv_sys_global_symbol_pipe='sed -n -e '\''s/^.*[	 ]\([ABCDGIRSTW][ABCDGIRSTW]*\)[	 ][	 ]*\([_A-Za-z][_A-Za-z0-9]*\)$/\1 \2 \2/p'\'' | sed '\''/ __gnu_lto/d'\'''
lt_cv_sys_global_symbol_to_c_name_address='sed -n -e '\''s/^: \([^ ]*\)[ ]*$/  {\"\1\", (void *) 0},/p'\'' -e '\''s/^[ABCDGIRSTW]* \([^ ]*\) \([^ ]*\)$/  {"\2", (void *) \&\2},/p'\'''
lt_cv_sys_global_symbol_to_c_name_address_lib_prefix='sed -n -e '\''s/^: \([^ ]*\)[ ]*$/  {\"\1\", (void *) 0},/p'\'' -e '\''s/^[ABCDGIRSTW]* \([^ ]*\) \(lib[^ ]*\)$/  {"\2", (void *) \&\2},/p'\'' -e '\''s/^[ABCDGIRSTW]* \([^ ]*\) \([^ ]*\)$/  {"lib\2", (void *) \&\2},/p'\'''
lt_cv_sys_global_symbol_to_cdecl='sed -n -e '\''s/^T .* \(.*\)$/extern int \1();/p'\'' -e '\''s/^[ABCDGIRSTW]* .* \(.*\)$/extern char \1;/p'\'''
lt_cv_sys_max_cmd_len=805306365
lt_cv_sys_symbol_underscore=no
lt_cv_to_host_file_cmd=func_convert_file_noop
lt_cv_to_tool_file_cmd=func_convert_file_noop

## ----------------- ##
## Output variables. ##
## ----------------- ##

ACLOCAL='${SHELL} /tmp/tmp-rzr.tmp/var/lib/contrib.sh.dir/pinball/pinball/libltdl/config/missing --run aclocal-1.11'
ALLEGRO_CFLAGS=''
ALLEGRO_CONFIG=''
ALLEGRO_LIBS=''
AMDEPBACKSLASH=''
AMDEP_FALSE=''
AMDEP_TRUE='#'
AMTAR='${SHELL} /tmp/tmp-rzr.tmp/var/lib/contrib.sh.dir/pinball/pinball/libltdl/config/missing --run tar'
AR='ar'
ARGZ_H=''
AUTOCONF='${SHELL} /tmp/tmp-rzr.tmp/var/lib/contrib.sh.dir/pinball/pinball/libltdl/config/missing --run autoconf'
AUTOHEADER='${SHELL} /tmp/tmp-rzr.tmp/var/lib/contrib.sh.dir/pinball/pinball/libltdl/config/missing --run autoheader'
AUTOMAKE='${SHELL} /tmp/tmp-rzr.tmp/var/lib/contrib.sh.dir/pinball/pinball/libltdl/config/missing --run automake-1.11'
AWK='gawk'
CC='gcc'
CCDEPMODE='depmode=none'
CFLAGS='-g -O2  -I/usr/include/SDL -D_GNU_SOURCE=1 -D_REENTRANT'
CONVENIENCE_LTDL_FALSE='#'
CONVENIENCE_LTDL_TRUE=''
CPP='gcc -E'
CPPFLAGS=' -I/usr/include/SDL -D_GNU_SOURCE=1 -D_REENTRANT'
CPPUNIT_CFLAGS=''
CPPUNIT_CONFIG=''
CPPUNIT_LIBS=''
CXX='g++'
CXXCPP='g++ -E'
CXXDEPMODE='depmode=none'
CXXFLAGS='-g -O2'
CYGPATH_W='echo'
DEFS='-DHAVE_CONFIG_H'
DEPDIR='.deps'
DLLTOOL='false'
DSYMUTIL=''
DUMPBIN=''
ECHO_C=''
ECHO_N='-n'
ECHO_T=''
EGREP='/bin/grep -E'
EM_BUILD_ROOT='/'
EM_DATADIR='/usr/share/games/pinball'
EM_HIGHSCORE_DIR='/var/games/pinball'
EM_LIBDIR='${exec_prefix}/lib/pinball'
EXEEXT=''
FGREP='/bin/grep -F'
GL_LIBS=' -lSM -lICE   -lGL -lGLU'
GREP='/bin/grep'
INCLTDL=''
INSTALL_DATA='${INSTALL} -m 644'
INSTALL_LTDL_FALSE=''
INSTALL_LTDL_TRUE='#'
INSTALL_PROGRAM='${INSTALL}'
INSTALL_SCRIPT='${INSTALL}'
INSTALL_STRIP_PROGRAM='$(install_sh) -c -s'
LD='/usr/bin/ld'
LDFLAGS=''
LIBADD_DL='-ldl '
LIBADD_DLD_LINK=''
LIBADD_DLOPEN='-ldl'
LIBADD_SHL_LOAD=''
LIBLTDL='-lltdl'
LIBOBJS=''
LIBS=' -lSM -lICE   -lGL -lGLU -ldl  -L/usr/lib -lSDL -lSDL_image -lSDL_mixer'
LIBTOOL='$(SHELL) $(top_builddir)/libtool'
LIPO=''
LN_S='ln -s'
LTDLDEPS=''
LTDLINCL=''
LTDLOPEN='libltdl'
LTLIBOBJS=''
LT_CONFIG_H='pinconfig.h'
LT_DLLOADERS=' libltdl/dlopen.la'
LT_DLPREOPEN='-dlpreopen libltdl/dlopen.la '
MAKEINFO='${SHELL} /tmp/tmp-rzr.tmp/var/lib/contrib.sh.dir/pinball/pinball/libltdl/config/missing --run makeinfo'
MANIFEST_TOOL=':'
MATHLIB='-lm'
MKDIR_P='/bin/mkdir -p'
NM='/usr/bin/nm -B'
NMEDIT=''
OBJDUMP='objdump'
OBJEXT='o'
OTOOL64=''
OTOOL=''
PACKAGE='pinball'
PACKAGE_BUGREPORT='pinball.sf.net'
PACKAGE_NAME='pinball'
PACKAGE_STRING='pinball 0.0.0'
PACKAGE_TARNAME='pinball'
PACKAGE_URL=''
PACKAGE_VERSION='0.0.0'
PATH_SEPARATOR=':'
RANLIB='ranlib'
SDL_CFLAGS='-I/usr/include/SDL -D_GNU_SOURCE=1 -D_REENTRANT'
SDL_CONFIG='/usr/bin/sdl-config'
SDL_LIBS='-L/usr/lib -lSDL'
SED='/bin/sed'
SET_MAKE=''
SHELL='/bin/sh'
STRIP='strip'
VERSION='0.0.0'
XMKMF=''
X_CFLAGS=''
X_EXTRA_LIBS=''
X_LIBS=''
X_PRE_LIBS=' -lSM -lICE'
ac_ct_AR='ar'
ac_ct_CC='gcc'
ac_ct_CXX='g++'
ac_ct_DUMPBIN=''
am__EXEEXT_FALSE=''
am__EXEEXT_TRUE='#'
am__fastdepCC_FALSE=''
am__fastdepCC_TRUE='#'
am__fastdepCXX_FALSE=''
am__fastdepCXX_TRUE='#'
am__include='include'
am__isrc=''
am__leading_dot='.'
am__quote=''
am__tar='${AMTAR} chof - "$$tardir"'
am__untar='${AMTAR} xf -'
bindir='/usr/games'
build='i486-pc-linux-gnu'
build_alias='i486-linux-gnu'
build_cpu='i486'
build_os='linux-gnu'
build_vendor='pc'
datadir='/usr/share/games'
datarootdir='${prefix}/share'
docdir='${datarootdir}/doc/${PACKAGE_TARNAME}'
dvidir='${docdir}'
exec_prefix='/usr'
host='i486-pc-linux-gnu'
host_alias=''
host_cpu='i486'
host_os='linux-gnu'
host_vendor='pc'
htmldir='${docdir}'
includedir='${prefix}/include'
infodir='${prefix}/share/info'
install_sh='${SHELL} /tmp/tmp-rzr.tmp/var/lib/contrib.sh.dir/pinball/pinball/libltdl/config/install-sh'
libdir='${exec_prefix}/lib'
libexecdir='${prefix}/lib/pinball'
localedir='${datarootdir}/locale'
localstatedir='/var'
ltdl_LIBOBJS=' lt__strl.o'
ltdl_LTLIBOBJS=' lt__strl.lo'
mandir='${prefix}/share/man'
mkdir_p='/bin/mkdir -p'
oldincludedir='/usr/include'
pdfdir='${docdir}'
prefix='/usr'
program_transform_name='s,x,x,'
psdir='${docdir}'
sbindir='${exec_prefix}/sbin'
sharedstatedir='${prefix}/com'
subdirs=' libltdl'
sys_symbol_underscore='no'
sysconfdir='/etc'
target='i486-pc-linux-gnu'
target_alias=''
target_cpu='i486'
target_os='linux-gnu'
target_vendor='pc'

## ----------- ##
## confdefs.h. ##
## ----------- ##

/* confdefs.h */
#define PACKAGE_NAME "pinball"
#define PACKAGE_TARNAME "pinball"
#define PACKAGE_VERSION "0.0.0"
#define PACKAGE_STRING "pinball 0.0.0"
#define PACKAGE_BUGREPORT "pinball.sf.net"
#define PACKAGE_URL ""
#define STDC_HEADERS 1
#define HAVE_SYS_TYPES_H 1
#define HAVE_SYS_STAT_H 1
#define HAVE_STDLIB_H 1
#define HAVE_STRING_H 1
#define HAVE_MEMORY_H 1
#define HAVE_STRINGS_H 1
#define HAVE_INTTYPES_H 1
#define HAVE_STDINT_H 1
#define HAVE_UNISTD_H 1
#define HAVE_DLFCN_H 1
#define LT_OBJDIR ".libs/"
#define LT_MODULE_EXT ".so"
#define LT_MODULE_PATH_VAR "LD_LIBRARY_PATH"
#define LT_DLSEARCH_PATH "/lib:/usr/lib:/usr/lib/sse/atlas:/lib/i486-linux-gnu:/usr/lib/i486-linux-gnu:/usr/local/lib"
#define HAVE_LIBDL 1
#define HAVE_DLERROR 1
#define HAVE_LIBDLLOADER 1
#define HAVE_ARGZ_H 1
#define HAVE_ERROR_T 1
#define HAVE_ARGZ_ADD 1
#define HAVE_ARGZ_APPEND 1
#define HAVE_ARGZ_COUNT 1
#define HAVE_ARGZ_CREATE_SEP 1
#define HAVE_ARGZ_INSERT 1
#define HAVE_ARGZ_NEXT 1
#define HAVE_ARGZ_STRINGIFY 1
#define HAVE_WORKING_ARGZ 1
#define HAVE_PRELOADED_SYMBOLS 1
#define HAVE_LTDL 1
#define HAVE_UNISTD_H 1
#define HAVE_DIRENT_H 1
#define HAVE_CLOSEDIR 1
#define HAVE_OPENDIR 1
#define HAVE_READDIR 1
#define LT_LIBEXT "a"
#define LT_LIBPREFIX "lib"
#define EM_DATADIR "/usr/share/games/pinball"
#define EM_LIBDIR "/usr/lib/pinball"
#define EM_HIGHSCORE_DIR "/var/games/pinball"
#define EM_USE_SDL 1
#define STDC_HEADERS 1
#define HAVE_SYS_STAT_H 1
#define HAVE_SYS_TYPES_H 1
#define HAVE__BOOL 1
#define HAVE_STDBOOL_H 1
#define LSTAT_FOLLOWS_SLASHED_SYMLINK 1
#define HAVE_STDLIB_H 1
#define HAVE_MALLOC 1
#define HAVE_STDLIB_H 1
#define HAVE_REALLOC 1
#define HAVE_GETCWD 1
#define HAVE_GETTIMEOFDAY 1
#define HAVE_MEMSET 1
#define HAVE_MKDIR 1
#define HAVE_STRCHR 1
#define HAVE_STRRCHR 1
#define HAVE_STRSTR 1
#define EM_USE_SOURCE_SPECULAR 1
#define EM_USE_QUADTREE 1
#define EM_USE_SHARED_COLOR 1

configure: exit 0
